16:34:12.532 [JavaFX Application Thread] DEBUG GameApplication      - Logger initialized
16:34:12.555 [JavaFX Application Thread] DEBUG GameApplication      - Logging settings
Title: Pong
Version: 0.0
Width: 800
Height: 600
Fullscreen: false
Intro: false
Menus: false
Profiling: false
Single step:false
App Mode: DEVELOPER
Menu Key: ESCAPE
Stage Style: DECORATED
Scene Factory: class com.almasb.fxgl.scene.SceneFactory
Dialog Factory: class com.almasb.fxgl.ui.FXGLDialogFactory
UI Factory: class com.almasb.fxgl.ui.FXGLUIFactory
Notification Service: class com.almasb.fxgl.gameplay.notification.XboxNotificationView
Exception Handler: class com.almasb.fxgl.app.FXGLExceptionHandler
16:34:12.555 [JavaFX Application Thread] DEBUG GameApplication      - Starting FXGL
16:34:12.570 [JavaFX Application Thread] INFO  FXGL                 - FXGL-0.5.4 on DESKTOP
16:34:12.571 [JavaFX Application Thread] INFO  FXGL                 - Source code and latest versions at: https://github.com/AlmasB/FXGL
16:34:12.574 [JavaFX Application Thread] INFO  FXGL                 -              Join the FXGL chat at: https://gitter.im/AlmasB/FXGL
16:34:12.574 [JavaFX Application Thread] DEBUG FXGL                 - FXGL started
16:34:12.575 [JavaFX Application Thread] DEBUG FXGL                 - Initializing FXGL
16:34:12.663 [JavaFX Application Thread] DEBUG AssetLoader          - Loading from disk: /assets/ui/cursors/fxgl_default.png
16:34:12.728 [JavaFX Application Thread] DEBUG AssetLoader          - Loading from disk: /assets/ui/fonts/VarelaRound-Regular.ttf
16:34:12.997 [JavaFX Application Thread] DEBUG MainWindow           - Creating a JavaFX scene
16:34:13.080 [JavaFX Application Thread] DEBUG MainWindow           - Target settings size: 800.0 x 600.0
16:34:13.081 [JavaFX Application Thread] DEBUG MainWindow           - Scaled scene size:    800.0 x 600.0
16:34:13.082 [JavaFX Application Thread] DEBUG MainWindow           - Scaled ratio: (1.0, 1.0)
16:34:13.088 [JavaFX Application Thread] DEBUG AssetLoader          - Loading from disk: /assets/ui/css/fxgl_dark.css
16:34:13.094 [JavaFX Application Thread] DEBUG AssetLoader          - Loading from disk: /assets/textures/fxgl_icon.png
16:34:13.118 [JavaFX Application Thread] DEBUG MainWindow           - Opening main window
16:34:13.493 [JavaFX Application Thread] DEBUG MainWindow           - Window border size: (6.0, 29.0)
16:34:13.493 [JavaFX Application Thread] DEBUG MainWindow           - Scaled size: 800.0 x 600.0
16:34:13.493 [JavaFX Application Thread] DEBUG MainWindow           - Scaled ratio: (1.0, 1.0)
16:34:13.497 [JavaFX Application Thread] DEBUG MainWindow           - Scene size: 800.0 x 600.0
16:34:13.505 [JavaFX Application Thread] DEBUG MainWindow           - Stage size: 806.0 x 629.0
16:34:13.590 [ForkJoinPool.commonPool-worker-1] DEBUG FS                   - Loaded DesktopFSService
16:34:13.591 [ForkJoinPool.commonPool-worker-1] DEBUG FXGL                 - Loading FXGL system data
16:34:13.603 [ForkJoinPool.commonPool-worker-1] DEBUG DesktopFSService     - Reading from: system\fxgl.bundle
16:34:13.621 [ForkJoinPool.commonPool-worker-1] DEBUG Bundle               - Logging bundle: FXGL
16:34:13.622 [ForkJoinPool.commonPool-worker-1] DEBUG Bundle               - FXGL.offline.timer.version.check=2019-01-16T16:51:51.436
16:34:13.623 [ForkJoinPool.commonPool-worker-1] DEBUG FXGL                 - Initializing state machine and application states
16:34:13.626 [ForkJoinPool.commonPool-worker-1] DEBUG AssetLoader          - Loading from disk: /assets/ui/cursors/fxgl_default.png
16:34:13.636 [ForkJoinPool.commonPool-worker-1] DEBUG AssetLoader          - Loading from disk: /assets/ui/cursors/fxgl_default.png
16:34:13.647 [ForkJoinPool.commonPool-worker-1] DEBUG AssetLoader          - Loading from cache: /assets/ui/fonts/VarelaRound-Regular.ttf
16:34:13.653 [ForkJoinPool.commonPool-worker-1] DEBUG AssetLoader          - Loading from disk: /assets/ui/cursors/fxgl_default.png
16:34:13.658 [ForkJoinPool.commonPool-worker-1] DEBUG GameScene            - Game scene initialized: 800x600
16:34:13.673 [ForkJoinPool.commonPool-worker-1] DEBUG GameWorld            - Game world initialized
16:34:13.778 [ForkJoinPool.commonPool-worker-1] DEBUG PhysicsWorld         - Physics world initialized: appHeight=600, physics.ppm=50,0
16:34:13.807 [ForkJoinPool.commonPool-worker-1] DEBUG Input                - Registered new binding: Pause - Esc
16:34:13.872 [JavaFX Application Thread] DEBUG FXGL                 - Running preInit()
16:34:13.874 [JavaFX Application Thread] DEBUG Input                - Registered new binding: Screenshot - P
16:34:13.875 [JavaFX Application Thread] DEBUG Input                - Registered new binding: Dev Options - CTRL+0
16:34:13.875 [JavaFX Application Thread] DEBUG Input                - Registered new binding: System info dump - CTRL+9
16:34:13.876 [JavaFX Application Thread] DEBUG Input                - Registered new binding: Restart - CTRL+R
16:34:13.876 [JavaFX Application Thread] DEBUG Input                - Registered new binding: Up 1 - W
16:34:13.876 [JavaFX Application Thread] DEBUG Input                - Registered new binding: Down 1 - S
16:34:13.876 [JavaFX Application Thread] DEBUG Input                - Registered new binding: Up 2 - Up
16:34:13.876 [JavaFX Application Thread] DEBUG Input                - Registered new binding: Down 2 - Down
16:34:13.877 [JavaFX Application Thread] INFO  FXGL                 - FXGL initialization took: 1,302 sec
16:34:13.877 [JavaFX Application Thread] DEBUG LoopRunner           - Starting loop
16:34:13.881 [JavaFX Application Thread] DEBUG StartupState         - STARTUP
16:34:13.881 [JavaFX Application Thread] DEBUG GameApplication      - Starting new game
16:34:13.881 [JavaFX Application Thread] DEBUG Input                - Clearing active input actions
16:34:13.883 [JavaFX Application Thread] DEBUG AssetLoader          - Loading from disk: /assets/ui/css/fxgl_dark.css
16:34:13.891 [JavaFX Application Thread] DEBUG AppStateMachine      - StartupState -> LoadingState
16:34:13.898 [FXGL Background Thread 1 ] DEBUG InitAppTask          - Clearing previous game
16:34:13.898 [FXGL Background Thread 1 ] DEBUG GameWorld            - Clearing game world
16:34:13.899 [FXGL Background Thread 1 ] DEBUG PhysicsWorld         - Clearing physics world
16:34:13.899 [FXGL Background Thread 1 ] DEBUG GameScene            - Clearing game scene
16:34:13.901 [FXGL Background Thread 1 ] DEBUG InitAppTask          - Initializing Game
16:34:13.960 [FXGL Background Thread 1 ] DEBUG GameScene            - Creating render group for layer: DEFAULT(100000)
16:34:13.965 [FXGL Background Thread 1 ] DEBUG InitAppTask          - Initializing Physics
16:34:13.966 [FXGL Background Thread 1 ] DEBUG InitAppTask          - Initializing UI
16:34:13.966 [FXGL Background Thread 1 ] DEBUG AssetLoader          - Loading from cache: /assets/ui/fonts/VarelaRound-Regular.ttf
16:34:13.966 [FXGL Background Thread 1 ] DEBUG AssetLoader          - Loading from cache: /assets/ui/fonts/VarelaRound-Regular.ttf
16:34:13.970 [FXGL Background Thread 1 ] DEBUG InitAppTask          - Initialization Complete
16:34:13.971 [FXGL Background Thread 1 ] INFO  InitAppTask          - Game initialization took: 0,073 sec
16:34:13.997 [JavaFX Application Thread] DEBUG Input                - Clearing active input actions
16:34:13.997 [JavaFX Application Thread] DEBUG AssetLoader          - Loading from disk: /assets/ui/css/fxgl_dark.css
16:34:14.043 [JavaFX Application Thread] DEBUG AppStateMachine      - LoadingState -> PlayState
16:34:22.559 [JavaFX Application Thread] DEBUG FXGL                 - Exiting FXGL
16:34:22.559 [JavaFX Application Thread] DEBUG FXGL                 - Shutting down background threads
16:34:22.560 [JavaFX Application Thread] DEBUG FXGL                 - Saving FXGL system data
16:34:22.566 [JavaFX Application Thread] DEBUG DesktopFSService     - Writing to: system\fxgl.bundle
16:34:22.570 [JavaFX Application Thread] DEBUG FXGL                 - Closing logger and exiting JavaFX
