16:34:37.409 [JavaFX Application Thread] DEBUG GameApplication      - Logger initialized
16:34:37.426 [JavaFX Application Thread] DEBUG GameApplication      - Logging settings
Title: Pong
Version: 0.0
Width: 800
Height: 600
Fullscreen: false
Intro: false
Menus: false
Profiling: false
Single step:false
App Mode: DEVELOPER
Menu Key: ESCAPE
Stage Style: DECORATED
Scene Factory: class com.almasb.fxgl.scene.SceneFactory
Dialog Factory: class com.almasb.fxgl.ui.FXGLDialogFactory
UI Factory: class com.almasb.fxgl.ui.FXGLUIFactory
Notification Service: class com.almasb.fxgl.gameplay.notification.XboxNotificationView
Exception Handler: class com.almasb.fxgl.app.FXGLExceptionHandler
16:34:37.427 [JavaFX Application Thread] DEBUG GameApplication      - Starting FXGL
16:34:37.442 [JavaFX Application Thread] INFO  FXGL                 - FXGL-0.5.4 on DESKTOP
16:34:37.443 [JavaFX Application Thread] INFO  FXGL                 - Source code and latest versions at: https://github.com/AlmasB/FXGL
16:34:37.444 [JavaFX Application Thread] INFO  FXGL                 -              Join the FXGL chat at: https://gitter.im/AlmasB/FXGL
16:34:37.444 [JavaFX Application Thread] DEBUG FXGL                 - FXGL started
16:34:37.444 [JavaFX Application Thread] DEBUG FXGL                 - Initializing FXGL
16:34:37.521 [JavaFX Application Thread] DEBUG AssetLoader          - Loading from disk: /assets/ui/cursors/fxgl_default.png
16:34:37.594 [JavaFX Application Thread] DEBUG AssetLoader          - Loading from disk: /assets/ui/fonts/VarelaRound-Regular.ttf
16:34:37.876 [JavaFX Application Thread] DEBUG MainWindow           - Creating a JavaFX scene
16:34:37.950 [JavaFX Application Thread] DEBUG MainWindow           - Target settings size: 800.0 x 600.0
16:34:37.951 [JavaFX Application Thread] DEBUG MainWindow           - Scaled scene size:    800.0 x 600.0
16:34:37.951 [JavaFX Application Thread] DEBUG MainWindow           - Scaled ratio: (1.0, 1.0)
16:34:37.956 [JavaFX Application Thread] DEBUG AssetLoader          - Loading from disk: /assets/ui/css/fxgl_dark.css
16:34:37.965 [JavaFX Application Thread] DEBUG AssetLoader          - Loading from disk: /assets/textures/fxgl_icon.png
16:34:37.999 [JavaFX Application Thread] DEBUG MainWindow           - Opening main window
16:34:38.345 [JavaFX Application Thread] DEBUG MainWindow           - Window border size: (6.0, 29.0)
16:34:38.345 [JavaFX Application Thread] DEBUG MainWindow           - Scaled size: 800.0 x 600.0
16:34:38.345 [JavaFX Application Thread] DEBUG MainWindow           - Scaled ratio: (1.0, 1.0)
16:34:38.346 [JavaFX Application Thread] DEBUG MainWindow           - Scene size: 800.0 x 600.0
16:34:38.346 [JavaFX Application Thread] DEBUG MainWindow           - Stage size: 806.0 x 629.0
16:34:38.428 [ForkJoinPool.commonPool-worker-1] DEBUG FS                   - Loaded DesktopFSService
16:34:38.438 [ForkJoinPool.commonPool-worker-1] DEBUG FXGL                 - Loading default FXGL system data
16:34:38.440 [ForkJoinPool.commonPool-worker-1] DEBUG FXGL                 - Initializing state machine and application states
16:34:38.443 [ForkJoinPool.commonPool-worker-1] DEBUG AssetLoader          - Loading from disk: /assets/ui/cursors/fxgl_default.png
16:34:38.456 [ForkJoinPool.commonPool-worker-1] DEBUG AssetLoader          - Loading from disk: /assets/ui/cursors/fxgl_default.png
16:34:38.467 [ForkJoinPool.commonPool-worker-1] DEBUG AssetLoader          - Loading from cache: /assets/ui/fonts/VarelaRound-Regular.ttf
16:34:38.471 [ForkJoinPool.commonPool-worker-1] DEBUG AssetLoader          - Loading from disk: /assets/ui/cursors/fxgl_default.png
16:34:38.476 [ForkJoinPool.commonPool-worker-1] DEBUG GameScene            - Game scene initialized: 800x600
16:34:38.484 [ForkJoinPool.commonPool-worker-1] DEBUG GameWorld            - Game world initialized
16:34:38.526 [ForkJoinPool.commonPool-worker-2] DEBUG UpdaterTask          - Checking for updates
16:34:38.585 [ForkJoinPool.commonPool-worker-1] DEBUG PhysicsWorld         - Physics world initialized: appHeight=600, physics.ppm=50,0
16:34:38.603 [ForkJoinPool.commonPool-worker-1] DEBUG Input                - Registered new binding: Pause - Esc
16:34:38.687 [JavaFX Application Thread] DEBUG FXGL                 - Running preInit()
16:34:38.690 [JavaFX Application Thread] DEBUG Input                - Registered new binding: Screenshot - P
16:34:38.691 [JavaFX Application Thread] DEBUG Input                - Registered new binding: Dev Options - CTRL+0
16:34:38.692 [JavaFX Application Thread] DEBUG Input                - Registered new binding: System info dump - CTRL+9
16:34:38.693 [JavaFX Application Thread] DEBUG Input                - Registered new binding: Restart - CTRL+R
16:34:38.693 [JavaFX Application Thread] DEBUG Input                - Registered new binding: Up 1 - W
16:34:38.693 [JavaFX Application Thread] DEBUG Input                - Registered new binding: Down 1 - S
16:34:38.693 [JavaFX Application Thread] DEBUG Input                - Registered new binding: Up 2 - Up
16:34:38.694 [JavaFX Application Thread] DEBUG Input                - Registered new binding: Down 2 - Down
16:34:38.695 [JavaFX Application Thread] INFO  FXGL                 - FXGL initialization took: 1,250 sec
16:34:38.695 [JavaFX Application Thread] DEBUG LoopRunner           - Starting loop
16:34:38.698 [JavaFX Application Thread] DEBUG StartupState         - STARTUP
16:34:38.698 [JavaFX Application Thread] DEBUG GameApplication      - Starting new game
16:34:38.698 [JavaFX Application Thread] DEBUG Input                - Clearing active input actions
16:34:38.701 [JavaFX Application Thread] DEBUG AssetLoader          - Loading from disk: /assets/ui/css/fxgl_dark.css
16:34:38.710 [JavaFX Application Thread] DEBUG AppStateMachine      - StartupState -> LoadingState
16:34:38.837 [FXGL Background Thread 1 ] DEBUG InitAppTask          - Clearing previous game
16:34:38.838 [FXGL Background Thread 1 ] DEBUG GameWorld            - Clearing game world
16:34:38.840 [FXGL Background Thread 1 ] DEBUG PhysicsWorld         - Clearing physics world
16:34:38.840 [FXGL Background Thread 1 ] DEBUG GameScene            - Clearing game scene
16:34:38.842 [FXGL Background Thread 1 ] DEBUG InitAppTask          - Initializing Game
16:34:38.896 [FXGL Background Thread 1 ] DEBUG GameScene            - Creating render group for layer: DEFAULT(100000)
16:34:38.901 [FXGL Background Thread 1 ] DEBUG InitAppTask          - Initializing Physics
16:34:38.901 [FXGL Background Thread 1 ] DEBUG InitAppTask          - Initializing UI
16:34:38.901 [FXGL Background Thread 1 ] DEBUG AssetLoader          - Loading from cache: /assets/ui/fonts/VarelaRound-Regular.ttf
16:34:38.902 [FXGL Background Thread 1 ] DEBUG AssetLoader          - Loading from cache: /assets/ui/fonts/VarelaRound-Regular.ttf
16:34:38.904 [FXGL Background Thread 1 ] DEBUG InitAppTask          - Initialization Complete
16:34:38.904 [FXGL Background Thread 1 ] INFO  InitAppTask          - Game initialization took: 0,067 sec
16:34:38.906 [JavaFX Application Thread] DEBUG Input                - Clearing active input actions
16:34:38.907 [JavaFX Application Thread] DEBUG AssetLoader          - Loading from disk: /assets/ui/css/fxgl_dark.css
16:34:38.915 [JavaFX Application Thread] DEBUG AppStateMachine      - LoadingState -> PlayState
16:36:26.757 [JavaFX Application Thread] DEBUG FXGL                 - Exiting FXGL
16:36:26.757 [JavaFX Application Thread] DEBUG FXGL                 - Shutting down background threads
16:36:26.758 [JavaFX Application Thread] DEBUG FXGL                 - Saving FXGL system data
16:36:26.761 [JavaFX Application Thread] DEBUG DesktopFSService     - Writing to: system\fxgl.bundle
16:36:26.769 [JavaFX Application Thread] DEBUG FXGL                 - Closing logger and exiting JavaFX
