17:06:40.763 [JavaFX Application Thread] DEBUG GameApplication      - Logger initialized
17:06:40.788 [JavaFX Application Thread] DEBUG GameApplication      - Logging settings
Title: Pong
Version: 0.0
Width: 800
Height: 600
Fullscreen: false
Intro: false
Menus: false
Profiling: false
Single step:false
App Mode: DEVELOPER
Menu Key: ESCAPE
Stage Style: DECORATED
Scene Factory: class com.almasb.fxgl.scene.SceneFactory
Dialog Factory: class com.almasb.fxgl.ui.FXGLDialogFactory
UI Factory: class com.almasb.fxgl.ui.FXGLUIFactory
Notification Service: class com.almasb.fxgl.gameplay.notification.XboxNotificationView
Exception Handler: class com.almasb.fxgl.app.FXGLExceptionHandler
17:06:40.789 [JavaFX Application Thread] DEBUG GameApplication      - Starting FXGL
17:06:40.802 [JavaFX Application Thread] INFO  FXGL                 - FXGL-0.5.4 on DESKTOP
17:06:40.803 [JavaFX Application Thread] INFO  FXGL                 - Source code and latest versions at: https://github.com/AlmasB/FXGL
17:06:40.803 [JavaFX Application Thread] INFO  FXGL                 -              Join the FXGL chat at: https://gitter.im/AlmasB/FXGL
17:06:40.804 [JavaFX Application Thread] DEBUG FXGL                 - FXGL started
17:06:40.804 [JavaFX Application Thread] DEBUG FXGL                 - Initializing FXGL
17:06:40.878 [JavaFX Application Thread] DEBUG AssetLoader          - Loading from disk: /assets/ui/cursors/fxgl_default.png
17:06:40.938 [JavaFX Application Thread] DEBUG AssetLoader          - Loading from disk: /assets/ui/fonts/VarelaRound-Regular.ttf
17:06:41.146 [JavaFX Application Thread] DEBUG MainWindow           - Creating a JavaFX scene
17:06:41.218 [JavaFX Application Thread] DEBUG MainWindow           - Target settings size: 800.0 x 600.0
17:06:41.218 [JavaFX Application Thread] DEBUG MainWindow           - Scaled scene size:    800.0 x 600.0
17:06:41.218 [JavaFX Application Thread] DEBUG MainWindow           - Scaled ratio: (1.0, 1.0)
17:06:41.223 [JavaFX Application Thread] DEBUG AssetLoader          - Loading from disk: /assets/ui/css/fxgl_dark.css
17:06:41.231 [JavaFX Application Thread] DEBUG AssetLoader          - Loading from disk: /assets/textures/fxgl_icon.png
17:06:41.252 [JavaFX Application Thread] DEBUG MainWindow           - Opening main window
17:06:41.637 [JavaFX Application Thread] DEBUG MainWindow           - Window border size: (6.0, 29.0)
17:06:41.638 [JavaFX Application Thread] DEBUG MainWindow           - Scaled size: 800.0 x 600.0
17:06:41.638 [JavaFX Application Thread] DEBUG MainWindow           - Scaled ratio: (1.0, 1.0)
17:06:41.639 [JavaFX Application Thread] DEBUG MainWindow           - Scene size: 800.0 x 600.0
17:06:41.641 [JavaFX Application Thread] DEBUG MainWindow           - Stage size: 806.0 x 629.0
17:06:41.709 [ForkJoinPool.commonPool-worker-1] DEBUG FS                   - Loaded DesktopFSService
17:06:41.710 [ForkJoinPool.commonPool-worker-1] DEBUG FXGL                 - Loading FXGL system data
17:06:41.721 [ForkJoinPool.commonPool-worker-1] DEBUG DesktopFSService     - Reading from: system\fxgl.bundle
17:06:41.736 [ForkJoinPool.commonPool-worker-1] DEBUG Bundle               - Logging bundle: FXGL
17:06:41.737 [ForkJoinPool.commonPool-worker-1] DEBUG Bundle               - FXGL.offline.timer.version.check=2019-01-05T16:34:39.439
17:06:41.738 [ForkJoinPool.commonPool-worker-1] DEBUG FXGL                 - Initializing state machine and application states
17:06:41.746 [ForkJoinPool.commonPool-worker-1] DEBUG AssetLoader          - Loading from disk: /assets/ui/cursors/fxgl_default.png
17:06:41.753 [ForkJoinPool.commonPool-worker-1] DEBUG AssetLoader          - Loading from disk: /assets/ui/cursors/fxgl_default.png
17:06:41.764 [ForkJoinPool.commonPool-worker-1] DEBUG AssetLoader          - Loading from cache: /assets/ui/fonts/VarelaRound-Regular.ttf
17:06:41.768 [ForkJoinPool.commonPool-worker-1] DEBUG AssetLoader          - Loading from disk: /assets/ui/cursors/fxgl_default.png
17:06:41.777 [ForkJoinPool.commonPool-worker-1] DEBUG GameScene            - Game scene initialized: 800x600
17:06:41.785 [ForkJoinPool.commonPool-worker-1] DEBUG GameWorld            - Game world initialized
17:06:41.896 [ForkJoinPool.commonPool-worker-1] DEBUG PhysicsWorld         - Physics world initialized: appHeight=600, physics.ppm=50,0
17:06:41.927 [ForkJoinPool.commonPool-worker-1] DEBUG Input                - Registered new binding: Pause - Esc
17:06:41.995 [JavaFX Application Thread] DEBUG FXGL                 - Running preInit()
17:06:41.998 [JavaFX Application Thread] DEBUG Input                - Registered new binding: Screenshot - P
17:06:41.998 [JavaFX Application Thread] DEBUG Input                - Registered new binding: Dev Options - CTRL+0
17:06:41.999 [JavaFX Application Thread] DEBUG Input                - Registered new binding: System info dump - CTRL+9
17:06:42.000 [JavaFX Application Thread] DEBUG Input                - Registered new binding: Restart - CTRL+R
17:06:42.000 [JavaFX Application Thread] DEBUG Input                - Registered new binding: Up 1 - W
17:06:42.001 [JavaFX Application Thread] DEBUG Input                - Registered new binding: Down 1 - S
17:06:42.001 [JavaFX Application Thread] DEBUG Input                - Registered new binding: Up 2 - Up
17:06:42.001 [JavaFX Application Thread] DEBUG Input                - Registered new binding: Down 2 - Down
17:06:42.002 [JavaFX Application Thread] INFO  FXGL                 - FXGL initialization took: 1,198 sec
17:06:42.002 [JavaFX Application Thread] DEBUG LoopRunner           - Starting loop
17:06:42.006 [JavaFX Application Thread] DEBUG StartupState         - STARTUP
17:06:42.007 [JavaFX Application Thread] DEBUG GameApplication      - Starting new game
17:06:42.007 [JavaFX Application Thread] DEBUG Input                - Clearing active input actions
17:06:42.009 [JavaFX Application Thread] DEBUG AssetLoader          - Loading from disk: /assets/ui/css/fxgl_dark.css
17:06:42.018 [JavaFX Application Thread] DEBUG AppStateMachine      - StartupState -> LoadingState
17:06:42.025 [FXGL Background Thread 1 ] DEBUG InitAppTask          - Clearing previous game
17:06:42.026 [FXGL Background Thread 1 ] DEBUG GameWorld            - Clearing game world
17:06:42.026 [FXGL Background Thread 1 ] DEBUG PhysicsWorld         - Clearing physics world
17:06:42.026 [FXGL Background Thread 1 ] DEBUG GameScene            - Clearing game scene
17:06:42.028 [FXGL Background Thread 1 ] DEBUG InitAppTask          - Initializing Game
17:06:42.080 [FXGL Background Thread 1 ] DEBUG GameScene            - Creating render group for layer: DEFAULT(100000)
17:06:42.087 [FXGL Background Thread 1 ] DEBUG InitAppTask          - Initializing Physics
17:06:42.087 [FXGL Background Thread 1 ] DEBUG InitAppTask          - Initializing UI
17:06:42.088 [FXGL Background Thread 1 ] DEBUG AssetLoader          - Loading from cache: /assets/ui/fonts/VarelaRound-Regular.ttf
17:06:42.088 [FXGL Background Thread 1 ] DEBUG AssetLoader          - Loading from cache: /assets/ui/fonts/VarelaRound-Regular.ttf
17:06:42.091 [FXGL Background Thread 1 ] DEBUG InitAppTask          - Initialization Complete
17:06:42.092 [FXGL Background Thread 1 ] INFO  InitAppTask          - Game initialization took: 0,066 sec
17:06:42.118 [JavaFX Application Thread] DEBUG Input                - Clearing active input actions
17:06:42.118 [JavaFX Application Thread] DEBUG AssetLoader          - Loading from disk: /assets/ui/css/fxgl_dark.css
17:06:42.128 [JavaFX Application Thread] DEBUG AppStateMachine      - LoadingState -> PlayState
17:06:46.608 [JavaFX Application Thread] DEBUG FXGL                 - Exiting FXGL
17:06:46.608 [JavaFX Application Thread] DEBUG FXGL                 - Shutting down background threads
17:06:46.608 [JavaFX Application Thread] DEBUG FXGL                 - Saving FXGL system data
17:06:46.611 [JavaFX Application Thread] DEBUG DesktopFSService     - Writing to: system\fxgl.bundle
17:06:46.615 [JavaFX Application Thread] DEBUG FXGL                 - Closing logger and exiting JavaFX
