17:09:28.432 [JavaFX Application Thread] DEBUG GameApplication      - Logger initialized
17:09:28.502 [JavaFX Application Thread] DEBUG GameApplication      - Logging settings
Title: Pong
Version: 0.0
Width: 800
Height: 600
Fullscreen: false
Intro: false
Menus: false
Profiling: false
Single step:false
App Mode: DEVELOPER
Menu Key: ESCAPE
Stage Style: DECORATED
Scene Factory: class com.almasb.fxgl.scene.SceneFactory
Dialog Factory: class com.almasb.fxgl.ui.FXGLDialogFactory
UI Factory: class com.almasb.fxgl.ui.FXGLUIFactory
Notification Service: class com.almasb.fxgl.gameplay.notification.XboxNotificationView
Exception Handler: class com.almasb.fxgl.app.FXGLExceptionHandler
17:09:28.502 [JavaFX Application Thread] DEBUG GameApplication      - Starting FXGL
17:09:28.515 [JavaFX Application Thread] INFO  FXGL                 - FXGL-0.5.4 on DESKTOP
17:09:28.515 [JavaFX Application Thread] INFO  FXGL                 - Source code and latest versions at: https://github.com/AlmasB/FXGL
17:09:28.516 [JavaFX Application Thread] INFO  FXGL                 -              Join the FXGL chat at: https://gitter.im/AlmasB/FXGL
17:09:28.516 [JavaFX Application Thread] DEBUG FXGL                 - FXGL started
17:09:28.516 [JavaFX Application Thread] DEBUG FXGL                 - Initializing FXGL
17:09:28.595 [JavaFX Application Thread] DEBUG AssetLoader          - Loading from disk: /assets/ui/cursors/fxgl_default.png
17:09:28.657 [JavaFX Application Thread] DEBUG AssetLoader          - Loading from disk: /assets/ui/fonts/VarelaRound-Regular.ttf
17:09:28.865 [JavaFX Application Thread] DEBUG MainWindow           - Creating a JavaFX scene
17:09:28.923 [JavaFX Application Thread] DEBUG MainWindow           - Target settings size: 800.0 x 600.0
17:09:28.923 [JavaFX Application Thread] DEBUG MainWindow           - Scaled scene size:    800.0 x 600.0
17:09:28.923 [JavaFX Application Thread] DEBUG MainWindow           - Scaled ratio: (1.0, 1.0)
17:09:28.927 [JavaFX Application Thread] DEBUG AssetLoader          - Loading from disk: /assets/ui/css/fxgl_dark.css
17:09:28.944 [JavaFX Application Thread] DEBUG AssetLoader          - Loading from disk: /assets/textures/fxgl_icon.png
17:09:28.970 [JavaFX Application Thread] DEBUG MainWindow           - Opening main window
17:09:29.406 [JavaFX Application Thread] DEBUG MainWindow           - Window border size: (6.0, 29.0)
17:09:29.406 [JavaFX Application Thread] DEBUG MainWindow           - Scaled size: 800.0 x 600.0
17:09:29.407 [JavaFX Application Thread] DEBUG MainWindow           - Scaled ratio: (1.0, 1.0)
17:09:29.407 [JavaFX Application Thread] DEBUG MainWindow           - Scene size: 800.0 x 600.0
17:09:29.407 [JavaFX Application Thread] DEBUG MainWindow           - Stage size: 806.0 x 629.0
17:09:29.478 [ForkJoinPool.commonPool-worker-1] DEBUG FS                   - Loaded DesktopFSService
17:09:29.483 [ForkJoinPool.commonPool-worker-1] DEBUG FXGL                 - Loading FXGL system data
17:09:29.494 [ForkJoinPool.commonPool-worker-1] DEBUG DesktopFSService     - Reading from: system\fxgl.bundle
17:09:29.508 [ForkJoinPool.commonPool-worker-1] DEBUG Bundle               - Logging bundle: FXGL
17:09:29.509 [ForkJoinPool.commonPool-worker-1] DEBUG Bundle               - FXGL.offline.timer.version.check=2019-01-05T16:34:39.439
17:09:29.510 [ForkJoinPool.commonPool-worker-1] DEBUG FXGL                 - Initializing state machine and application states
17:09:29.514 [ForkJoinPool.commonPool-worker-1] DEBUG AssetLoader          - Loading from disk: /assets/ui/cursors/fxgl_default.png
17:09:29.522 [ForkJoinPool.commonPool-worker-1] DEBUG AssetLoader          - Loading from disk: /assets/ui/cursors/fxgl_default.png
17:09:29.531 [ForkJoinPool.commonPool-worker-1] DEBUG AssetLoader          - Loading from cache: /assets/ui/fonts/VarelaRound-Regular.ttf
17:09:29.535 [ForkJoinPool.commonPool-worker-1] DEBUG AssetLoader          - Loading from disk: /assets/ui/cursors/fxgl_default.png
17:09:29.540 [ForkJoinPool.commonPool-worker-1] DEBUG GameScene            - Game scene initialized: 800x600
17:09:29.549 [ForkJoinPool.commonPool-worker-1] DEBUG GameWorld            - Game world initialized
17:09:29.656 [ForkJoinPool.commonPool-worker-1] DEBUG PhysicsWorld         - Physics world initialized: appHeight=600, physics.ppm=50,0
17:09:29.682 [ForkJoinPool.commonPool-worker-1] DEBUG Input                - Registered new binding: Pause - Esc
17:09:29.738 [JavaFX Application Thread] DEBUG FXGL                 - Running preInit()
17:09:29.741 [JavaFX Application Thread] DEBUG Input                - Registered new binding: Screenshot - P
17:09:29.741 [JavaFX Application Thread] DEBUG Input                - Registered new binding: Dev Options - CTRL+0
17:09:29.742 [JavaFX Application Thread] DEBUG Input                - Registered new binding: System info dump - CTRL+9
17:09:29.743 [JavaFX Application Thread] DEBUG Input                - Registered new binding: Restart - CTRL+R
17:09:29.743 [JavaFX Application Thread] DEBUG Input                - Registered new binding: Up 1 - W
17:09:29.744 [JavaFX Application Thread] DEBUG Input                - Registered new binding: Down 1 - S
17:09:29.744 [JavaFX Application Thread] DEBUG Input                - Registered new binding: Up 2 - Up
17:09:29.744 [JavaFX Application Thread] DEBUG Input                - Registered new binding: Down 2 - Down
17:09:29.746 [JavaFX Application Thread] INFO  FXGL                 - FXGL initialization took: 1,229 sec
17:09:29.747 [JavaFX Application Thread] DEBUG LoopRunner           - Starting loop
17:09:29.749 [JavaFX Application Thread] DEBUG StartupState         - STARTUP
17:09:29.749 [JavaFX Application Thread] DEBUG GameApplication      - Starting new game
17:09:29.749 [JavaFX Application Thread] DEBUG Input                - Clearing active input actions
17:09:29.751 [JavaFX Application Thread] DEBUG AssetLoader          - Loading from disk: /assets/ui/css/fxgl_dark.css
17:09:29.760 [JavaFX Application Thread] DEBUG AppStateMachine      - StartupState -> LoadingState
17:09:29.781 [FXGL Background Thread 1 ] DEBUG InitAppTask          - Clearing previous game
17:09:29.781 [FXGL Background Thread 1 ] DEBUG GameWorld            - Clearing game world
17:09:29.781 [FXGL Background Thread 1 ] DEBUG PhysicsWorld         - Clearing physics world
17:09:29.781 [FXGL Background Thread 1 ] DEBUG GameScene            - Clearing game scene
17:09:29.783 [FXGL Background Thread 1 ] DEBUG InitAppTask          - Initializing Game
17:09:29.830 [FXGL Background Thread 1 ] DEBUG GameScene            - Creating render group for layer: DEFAULT(100000)
17:09:29.835 [FXGL Background Thread 1 ] DEBUG InitAppTask          - Initializing Physics
17:09:29.836 [FXGL Background Thread 1 ] DEBUG InitAppTask          - Initializing UI
17:09:29.836 [FXGL Background Thread 1 ] DEBUG AssetLoader          - Loading from cache: /assets/ui/fonts/VarelaRound-Regular.ttf
17:09:29.836 [FXGL Background Thread 1 ] DEBUG AssetLoader          - Loading from cache: /assets/ui/fonts/VarelaRound-Regular.ttf
17:09:29.838 [FXGL Background Thread 1 ] DEBUG InitAppTask          - Initialization Complete
17:09:29.838 [FXGL Background Thread 1 ] INFO  InitAppTask          - Game initialization took: 0,058 sec
17:09:29.852 [JavaFX Application Thread] DEBUG Input                - Clearing active input actions
17:09:29.852 [JavaFX Application Thread] DEBUG AssetLoader          - Loading from disk: /assets/ui/css/fxgl_dark.css
17:09:29.862 [JavaFX Application Thread] DEBUG AppStateMachine      - LoadingState -> PlayState
17:09:45.749 [JavaFX Application Thread] DEBUG FXGL                 - Exiting FXGL
17:09:45.749 [JavaFX Application Thread] DEBUG FXGL                 - Shutting down background threads
17:09:45.750 [JavaFX Application Thread] DEBUG FXGL                 - Saving FXGL system data
17:09:45.753 [JavaFX Application Thread] DEBUG DesktopFSService     - Writing to: system\fxgl.bundle
17:09:45.757 [JavaFX Application Thread] DEBUG FXGL                 - Closing logger and exiting JavaFX
