17:13:04.846 [JavaFX Application Thread] DEBUG GameApplication      - Logger initialized
17:13:04.863 [JavaFX Application Thread] DEBUG GameApplication      - Logging settings
Title: Pong
Version: 0.0
Width: 800
Height: 600
Fullscreen: false
Intro: false
Menus: false
Profiling: false
Single step:false
App Mode: DEVELOPER
Menu Key: ESCAPE
Stage Style: DECORATED
Scene Factory: class com.almasb.fxgl.scene.SceneFactory
Dialog Factory: class com.almasb.fxgl.ui.FXGLDialogFactory
UI Factory: class com.almasb.fxgl.ui.FXGLUIFactory
Notification Service: class com.almasb.fxgl.gameplay.notification.XboxNotificationView
Exception Handler: class com.almasb.fxgl.app.FXGLExceptionHandler
17:13:04.863 [JavaFX Application Thread] DEBUG GameApplication      - Starting FXGL
17:13:04.886 [JavaFX Application Thread] INFO  FXGL                 - FXGL-0.5.4 on DESKTOP
17:13:04.887 [JavaFX Application Thread] INFO  FXGL                 - Source code and latest versions at: https://github.com/AlmasB/FXGL
17:13:04.889 [JavaFX Application Thread] INFO  FXGL                 -              Join the FXGL chat at: https://gitter.im/AlmasB/FXGL
17:13:04.889 [JavaFX Application Thread] DEBUG FXGL                 - FXGL started
17:13:04.889 [JavaFX Application Thread] DEBUG FXGL                 - Initializing FXGL
17:13:04.971 [JavaFX Application Thread] DEBUG AssetLoader          - Loading from disk: /assets/ui/cursors/fxgl_default.png
17:13:05.038 [JavaFX Application Thread] DEBUG AssetLoader          - Loading from disk: /assets/ui/fonts/VarelaRound-Regular.ttf
17:13:05.252 [JavaFX Application Thread] DEBUG MainWindow           - Creating a JavaFX scene
17:13:05.315 [JavaFX Application Thread] DEBUG MainWindow           - Target settings size: 800.0 x 600.0
17:13:05.315 [JavaFX Application Thread] DEBUG MainWindow           - Scaled scene size:    800.0 x 600.0
17:13:05.315 [JavaFX Application Thread] DEBUG MainWindow           - Scaled ratio: (1.0, 1.0)
17:13:05.318 [JavaFX Application Thread] DEBUG AssetLoader          - Loading from disk: /assets/ui/css/fxgl_dark.css
17:13:05.325 [JavaFX Application Thread] DEBUG AssetLoader          - Loading from disk: /assets/textures/fxgl_icon.png
17:13:05.346 [JavaFX Application Thread] DEBUG MainWindow           - Opening main window
17:13:05.753 [JavaFX Application Thread] DEBUG MainWindow           - Window border size: (6.0, 29.0)
17:13:05.753 [JavaFX Application Thread] DEBUG MainWindow           - Scaled size: 800.0 x 600.0
17:13:05.753 [JavaFX Application Thread] DEBUG MainWindow           - Scaled ratio: (1.0, 1.0)
17:13:05.759 [JavaFX Application Thread] DEBUG MainWindow           - Scene size: 800.0 x 600.0
17:13:05.761 [JavaFX Application Thread] DEBUG MainWindow           - Stage size: 806.0 x 629.0
17:13:05.839 [ForkJoinPool.commonPool-worker-1] DEBUG FS                   - Loaded DesktopFSService
17:13:05.840 [ForkJoinPool.commonPool-worker-1] DEBUG FXGL                 - Loading FXGL system data
17:13:05.850 [ForkJoinPool.commonPool-worker-1] DEBUG DesktopFSService     - Reading from: system\fxgl.bundle
17:13:05.866 [ForkJoinPool.commonPool-worker-1] DEBUG Bundle               - Logging bundle: FXGL
17:13:05.867 [ForkJoinPool.commonPool-worker-1] DEBUG Bundle               - FXGL.offline.timer.version.check=2019-01-05T16:34:39.439
17:13:05.868 [ForkJoinPool.commonPool-worker-1] DEBUG FXGL                 - Initializing state machine and application states
17:13:05.871 [ForkJoinPool.commonPool-worker-1] DEBUG AssetLoader          - Loading from disk: /assets/ui/cursors/fxgl_default.png
17:13:05.878 [ForkJoinPool.commonPool-worker-1] DEBUG AssetLoader          - Loading from disk: /assets/ui/cursors/fxgl_default.png
17:13:05.887 [ForkJoinPool.commonPool-worker-1] DEBUG AssetLoader          - Loading from cache: /assets/ui/fonts/VarelaRound-Regular.ttf
17:13:05.890 [ForkJoinPool.commonPool-worker-1] DEBUG AssetLoader          - Loading from disk: /assets/ui/cursors/fxgl_default.png
17:13:05.895 [ForkJoinPool.commonPool-worker-1] DEBUG GameScene            - Game scene initialized: 800x600
17:13:05.904 [ForkJoinPool.commonPool-worker-1] DEBUG GameWorld            - Game world initialized
17:13:06.004 [ForkJoinPool.commonPool-worker-1] DEBUG PhysicsWorld         - Physics world initialized: appHeight=600, physics.ppm=50,0
17:13:06.031 [ForkJoinPool.commonPool-worker-1] DEBUG Input                - Registered new binding: Pause - Esc
17:13:06.116 [JavaFX Application Thread] DEBUG FXGL                 - Running preInit()
17:13:06.118 [JavaFX Application Thread] DEBUG Input                - Registered new binding: Screenshot - P
17:13:06.119 [JavaFX Application Thread] DEBUG Input                - Registered new binding: Dev Options - CTRL+0
17:13:06.120 [JavaFX Application Thread] DEBUG Input                - Registered new binding: System info dump - CTRL+9
17:13:06.120 [JavaFX Application Thread] DEBUG Input                - Registered new binding: Restart - CTRL+R
17:13:06.121 [JavaFX Application Thread] DEBUG Input                - Registered new binding: Up 1 - W
17:13:06.121 [JavaFX Application Thread] DEBUG Input                - Registered new binding: Down 1 - S
17:13:06.121 [JavaFX Application Thread] DEBUG Input                - Registered new binding: Up 2 - Up
17:13:06.121 [JavaFX Application Thread] DEBUG Input                - Registered new binding: Down 2 - Down
17:13:06.123 [JavaFX Application Thread] INFO  FXGL                 - FXGL initialization took: 1,232 sec
17:13:06.123 [JavaFX Application Thread] DEBUG LoopRunner           - Starting loop
17:13:06.127 [JavaFX Application Thread] DEBUG StartupState         - STARTUP
17:13:06.127 [JavaFX Application Thread] DEBUG GameApplication      - Starting new game
17:13:06.128 [JavaFX Application Thread] DEBUG Input                - Clearing active input actions
17:13:06.130 [JavaFX Application Thread] DEBUG AssetLoader          - Loading from disk: /assets/ui/css/fxgl_dark.css
17:13:06.138 [JavaFX Application Thread] DEBUG AppStateMachine      - StartupState -> LoadingState
17:13:06.149 [FXGL Background Thread 1 ] DEBUG InitAppTask          - Clearing previous game
17:13:06.149 [FXGL Background Thread 1 ] DEBUG GameWorld            - Clearing game world
17:13:06.149 [FXGL Background Thread 1 ] DEBUG PhysicsWorld         - Clearing physics world
17:13:06.149 [FXGL Background Thread 1 ] DEBUG GameScene            - Clearing game scene
17:13:06.151 [FXGL Background Thread 1 ] DEBUG InitAppTask          - Initializing Game
17:13:06.212 [FXGL Background Thread 1 ] DEBUG GameScene            - Creating render group for layer: DEFAULT(100000)
17:13:06.216 [FXGL Background Thread 1 ] DEBUG InitAppTask          - Initializing Physics
17:13:06.217 [FXGL Background Thread 1 ] DEBUG InitAppTask          - Initializing UI
17:13:06.217 [FXGL Background Thread 1 ] DEBUG AssetLoader          - Loading from cache: /assets/ui/fonts/VarelaRound-Regular.ttf
17:13:06.217 [FXGL Background Thread 1 ] DEBUG AssetLoader          - Loading from cache: /assets/ui/fonts/VarelaRound-Regular.ttf
17:13:06.220 [FXGL Background Thread 1 ] DEBUG InitAppTask          - Initialization Complete
17:13:06.220 [FXGL Background Thread 1 ] INFO  InitAppTask          - Game initialization took: 0,072 sec
17:13:06.251 [JavaFX Application Thread] DEBUG Input                - Clearing active input actions
17:13:06.251 [JavaFX Application Thread] DEBUG AssetLoader          - Loading from disk: /assets/ui/css/fxgl_dark.css
17:13:06.299 [JavaFX Application Thread] DEBUG AppStateMachine      - LoadingState -> PlayState
17:13:13.121 [JavaFX Application Thread] DEBUG FXGL                 - Exiting FXGL
17:13:13.121 [JavaFX Application Thread] DEBUG FXGL                 - Shutting down background threads
17:13:13.121 [JavaFX Application Thread] DEBUG FXGL                 - Saving FXGL system data
17:13:13.125 [JavaFX Application Thread] DEBUG DesktopFSService     - Writing to: system\fxgl.bundle
17:13:13.128 [JavaFX Application Thread] DEBUG FXGL                 - Closing logger and exiting JavaFX
