16:40:23.824 [JavaFX Application Thread] DEBUG GameApplication      - Logger initialized
16:40:23.843 [JavaFX Application Thread] DEBUG GameApplication      - Logging settings
Title: Pong
Version: 0.0
Width: 800
Height: 600
Fullscreen: false
Intro: false
Menus: false
Profiling: false
Single step:false
App Mode: DEVELOPER
Menu Key: ESCAPE
Stage Style: DECORATED
Scene Factory: class com.almasb.fxgl.scene.SceneFactory
Dialog Factory: class com.almasb.fxgl.ui.FXGLDialogFactory
UI Factory: class com.almasb.fxgl.ui.FXGLUIFactory
Notification Service: class com.almasb.fxgl.gameplay.notification.XboxNotificationView
Exception Handler: class com.almasb.fxgl.app.FXGLExceptionHandler
16:40:23.844 [JavaFX Application Thread] DEBUG GameApplication      - Starting FXGL
16:40:23.865 [JavaFX Application Thread] INFO  FXGL                 - FXGL-0.5.4 on DESKTOP
16:40:23.865 [JavaFX Application Thread] INFO  FXGL                 - Source code and latest versions at: https://github.com/AlmasB/FXGL
16:40:23.865 [JavaFX Application Thread] INFO  FXGL                 -              Join the FXGL chat at: https://gitter.im/AlmasB/FXGL
16:40:23.866 [JavaFX Application Thread] DEBUG FXGL                 - FXGL started
16:40:23.866 [JavaFX Application Thread] DEBUG FXGL                 - Initializing FXGL
16:40:23.948 [JavaFX Application Thread] DEBUG AssetLoader          - Loading from disk: /assets/ui/cursors/fxgl_default.png
16:40:24.011 [JavaFX Application Thread] DEBUG AssetLoader          - Loading from disk: /assets/ui/fonts/VarelaRound-Regular.ttf
16:40:24.239 [JavaFX Application Thread] DEBUG MainWindow           - Creating a JavaFX scene
16:40:24.298 [JavaFX Application Thread] DEBUG MainWindow           - Target settings size: 800.0 x 600.0
16:40:24.299 [JavaFX Application Thread] DEBUG MainWindow           - Scaled scene size:    800.0 x 600.0
16:40:24.299 [JavaFX Application Thread] DEBUG MainWindow           - Scaled ratio: (1.0, 1.0)
16:40:24.303 [JavaFX Application Thread] DEBUG AssetLoader          - Loading from disk: /assets/ui/css/fxgl_dark.css
16:40:24.308 [JavaFX Application Thread] DEBUG AssetLoader          - Loading from disk: /assets/textures/fxgl_icon.png
16:40:24.329 [JavaFX Application Thread] DEBUG MainWindow           - Opening main window
16:40:24.675 [JavaFX Application Thread] DEBUG MainWindow           - Window border size: (6.0, 29.0)
16:40:24.675 [JavaFX Application Thread] DEBUG MainWindow           - Scaled size: 800.0 x 600.0
16:40:24.676 [JavaFX Application Thread] DEBUG MainWindow           - Scaled ratio: (1.0, 1.0)
16:40:24.676 [JavaFX Application Thread] DEBUG MainWindow           - Scene size: 800.0 x 600.0
16:40:24.677 [JavaFX Application Thread] DEBUG MainWindow           - Stage size: 806.0 x 629.0
16:40:24.745 [ForkJoinPool.commonPool-worker-1] DEBUG FS                   - Loaded DesktopFSService
16:40:24.754 [ForkJoinPool.commonPool-worker-1] DEBUG FXGL                 - Loading FXGL system data
16:40:24.768 [ForkJoinPool.commonPool-worker-1] DEBUG DesktopFSService     - Reading from: system\fxgl.bundle
16:40:24.787 [ForkJoinPool.commonPool-worker-1] DEBUG Bundle               - Logging bundle: FXGL
16:40:24.788 [ForkJoinPool.commonPool-worker-1] DEBUG Bundle               - FXGL.offline.timer.version.check=2019-01-05T16:34:39.439
16:40:24.789 [ForkJoinPool.commonPool-worker-1] DEBUG FXGL                 - Initializing state machine and application states
16:40:24.792 [ForkJoinPool.commonPool-worker-1] DEBUG AssetLoader          - Loading from disk: /assets/ui/cursors/fxgl_default.png
16:40:24.801 [ForkJoinPool.commonPool-worker-1] DEBUG AssetLoader          - Loading from disk: /assets/ui/cursors/fxgl_default.png
16:40:24.812 [ForkJoinPool.commonPool-worker-1] DEBUG AssetLoader          - Loading from cache: /assets/ui/fonts/VarelaRound-Regular.ttf
16:40:24.816 [ForkJoinPool.commonPool-worker-1] DEBUG AssetLoader          - Loading from disk: /assets/ui/cursors/fxgl_default.png
16:40:24.821 [ForkJoinPool.commonPool-worker-1] DEBUG GameScene            - Game scene initialized: 800x600
16:40:24.835 [ForkJoinPool.commonPool-worker-1] DEBUG GameWorld            - Game world initialized
16:40:24.933 [ForkJoinPool.commonPool-worker-1] DEBUG PhysicsWorld         - Physics world initialized: appHeight=600, physics.ppm=50,0
16:40:24.959 [ForkJoinPool.commonPool-worker-1] DEBUG Input                - Registered new binding: Pause - Esc
16:40:25.035 [JavaFX Application Thread] DEBUG FXGL                 - Running preInit()
16:40:25.037 [JavaFX Application Thread] DEBUG Input                - Registered new binding: Screenshot - P
16:40:25.038 [JavaFX Application Thread] DEBUG Input                - Registered new binding: Dev Options - CTRL+0
16:40:25.039 [JavaFX Application Thread] DEBUG Input                - Registered new binding: System info dump - CTRL+9
16:40:25.039 [JavaFX Application Thread] DEBUG Input                - Registered new binding: Restart - CTRL+R
16:40:25.040 [JavaFX Application Thread] DEBUG Input                - Registered new binding: Up 1 - W
16:40:25.040 [JavaFX Application Thread] DEBUG Input                - Registered new binding: Down 1 - S
16:40:25.040 [JavaFX Application Thread] DEBUG Input                - Registered new binding: Up 2 - Up
16:40:25.040 [JavaFX Application Thread] DEBUG Input                - Registered new binding: Down 2 - Down
16:40:25.042 [JavaFX Application Thread] INFO  FXGL                 - FXGL initialization took: 1,176 sec
16:40:25.042 [JavaFX Application Thread] DEBUG LoopRunner           - Starting loop
16:40:25.045 [JavaFX Application Thread] DEBUG StartupState         - STARTUP
16:40:25.045 [JavaFX Application Thread] DEBUG GameApplication      - Starting new game
16:40:25.046 [JavaFX Application Thread] DEBUG Input                - Clearing active input actions
16:40:25.047 [JavaFX Application Thread] DEBUG AssetLoader          - Loading from disk: /assets/ui/css/fxgl_dark.css
16:40:25.056 [JavaFX Application Thread] DEBUG AppStateMachine      - StartupState -> LoadingState
16:40:25.066 [FXGL Background Thread 1 ] DEBUG InitAppTask          - Clearing previous game
16:40:25.066 [FXGL Background Thread 1 ] DEBUG GameWorld            - Clearing game world
16:40:25.066 [FXGL Background Thread 1 ] DEBUG PhysicsWorld         - Clearing physics world
16:40:25.067 [FXGL Background Thread 1 ] DEBUG GameScene            - Clearing game scene
16:40:25.068 [FXGL Background Thread 1 ] DEBUG InitAppTask          - Initializing Game
16:40:25.123 [FXGL Background Thread 1 ] DEBUG GameScene            - Creating render group for layer: DEFAULT(100000)
16:40:25.131 [FXGL Background Thread 1 ] DEBUG InitAppTask          - Initializing Physics
16:40:25.131 [FXGL Background Thread 1 ] DEBUG InitAppTask          - Initializing UI
16:40:25.132 [FXGL Background Thread 1 ] DEBUG AssetLoader          - Loading from cache: /assets/ui/fonts/VarelaRound-Regular.ttf
16:40:25.132 [FXGL Background Thread 1 ] DEBUG AssetLoader          - Loading from cache: /assets/ui/fonts/VarelaRound-Regular.ttf
16:40:25.138 [FXGL Background Thread 1 ] DEBUG InitAppTask          - Initialization Complete
16:40:25.138 [FXGL Background Thread 1 ] INFO  InitAppTask          - Game initialization took: 0,072 sec
16:40:25.167 [JavaFX Application Thread] DEBUG Input                - Clearing active input actions
16:40:25.168 [JavaFX Application Thread] DEBUG AssetLoader          - Loading from disk: /assets/ui/css/fxgl_dark.css
16:40:25.178 [JavaFX Application Thread] DEBUG AppStateMachine      - LoadingState -> PlayState
16:41:01.975 [JavaFX Application Thread] DEBUG FXGL                 - Exiting FXGL
16:41:01.975 [JavaFX Application Thread] DEBUG FXGL                 - Shutting down background threads
16:41:01.976 [JavaFX Application Thread] DEBUG FXGL                 - Saving FXGL system data
16:41:01.979 [JavaFX Application Thread] DEBUG DesktopFSService     - Writing to: system\fxgl.bundle
16:41:01.982 [JavaFX Application Thread] DEBUG FXGL                 - Closing logger and exiting JavaFX
